<?xml version="1.0" encoding="UTF-8"?>
<!-- Generated by org.testng.reporters.JUnitReportReporter -->
<testsuite hostname="UKDELB39-222" failures="0" tests="1" name="FacebookLogin.NewTest" time="0.005" errors="0" timestamp="2024-07-12T16:47:00 IST" skipped="0">
  <testcase classname="FacebookLogin.NewTest" name="f" time="0.005"/>
  <system-out/>
</testsuite> <!-- FacebookLogin.NewTest -->
