<?xml version="1.0" encoding="UTF-8"?>
<!-- Generated by org.testng.reporters.JUnitReportReporter -->
<testsuite hostname="UKDELB39-222" failures="0" tests="1" name="FacebookLogin.Fblogin1" time="6.097" errors="0" timestamp="2024-07-15T17:08:15 IST" skipped="0">
  <testcase classname="FacebookLogin.Fblogin1" name="LogintoFB" time="6.097"/>
  <system-out/>
</testsuite> <!-- FacebookLogin.Fblogin1 -->
