<?xml version="1.0" encoding="UTF-8"?>
<!-- Generated by org.testng.reporters.JUnitReportReporter -->
<testsuite hostname="UKDELB39-222" failures="0" tests="2" name="javaPractices.TestNg" time="0.012" errors="0" timestamp="2024-07-25T17:19:00 IST" skipped="0">
  <testcase classname="javaPractices.TestNg" name="a" time="0.011"/>
  <system-out/>
  <testcase classname="javaPractices.TestNg" name="b" time="0.001"/>
  <system-out/>
</testsuite> <!-- javaPractices.TestNg -->
