<?xml version="1.0" encoding="UTF-8"?>
<!-- Generated by org.testng.reporters.JUnitReportReporter -->
<testsuite hostname="UKDELB39-222" failures="0" tests="8" name="pack1.ResponsiveTest" time="4.731" errors="0" timestamp="2024-09-24T13:47:12 IST" skipped="0">
  <testcase classname="pack1.ResponsiveTest" name="responsiveLayout" time="0.655"/>
  <system-out/>
  <testcase classname="pack1.ResponsiveTest" name="responsiveLayout" time="0.729"/>
  <system-out/>
  <testcase classname="pack1.ResponsiveTest" name="responsiveLayout" time="0.691"/>
  <system-out/>
  <testcase classname="pack1.ResponsiveTest" name="responsiveLayout" time="0.662"/>
  <system-out/>
  <testcase classname="pack1.ResponsiveTest" name="responsiveLayout" time="0.593"/>
  <system-out/>
  <testcase classname="pack1.ResponsiveTest" name="responsiveLayout" time="0.516"/>
  <system-out/>
  <testcase classname="pack1.ResponsiveTest" name="responsiveLayout" time="0.515"/>
  <system-out/>
  <testcase classname="pack1.ResponsiveTest" name="responsiveLayout" time="0.370"/>
  <system-out/>
</testsuite> <!-- pack1.ResponsiveTest -->
